<?xml version="1.0" encoding="UTF-8"?>
<!-- Generated by org.testng.reporters.JUnitReportReporter -->
<testsuite hostname="Sanjai" failures="0" tests="9" name="com.test.ApplicationUnderTest" time="70.648" errors="0" timestamp="2023-10-26T14:39:09 IST" skipped="0">
  <testcase classname="com.test.ApplicationUnderTest" name="login" time="2.580"/>
  <system-out/>
  <testcase classname="com.test.ApplicationUnderTest" name="dashboard" time="4.615"/>
  <system-out/>
  <testcase classname="com.test.ApplicationUnderTest" name="registerPatient" time="1.805"/>
  <system-out/>
  <testcase classname="com.test.ApplicationUnderTest" name="patientDetails" time="5.009"/>
  <system-out/>
  <testcase classname="com.test.ApplicationUnderTest" name="startVisit" time="33.572"/>
  <system-out/>
  <testcase classname="com.test.ApplicationUnderTest" name="captureVitals" time="16.593"/>
  <system-out/>
  <testcase classname="com.test.ApplicationUnderTest" name="mergeVisit" time="5.365"/>
  <system-out/>
  <testcase classname="com.test.ApplicationUnderTest" name="pastVisit" time="0.570"/>
  <system-out/>
  <testcase classname="com.test.ApplicationUnderTest" name="deletePatient" time="0.539"/>
  <system-out/>
</testsuite> <!-- com.test.ApplicationUnderTest -->
