<?xml version="1.0" encoding="UTF-8"?>
<!-- Generated by org.testng.reporters.JUnitReportReporter -->
<testsuite hostname="Sanjai" failures="0" tests="9" name="com.test.ApplicationUnderTest" time="87.851" errors="0" timestamp="2023-10-27T01:46:44 IST" skipped="0">
  <testcase classname="com.test.ApplicationUnderTest" name="login" time="3.458"/>
  <system-out/>
  <testcase classname="com.test.ApplicationUnderTest" name="dashboard" time="12.985"/>
  <system-out/>
  <testcase classname="com.test.ApplicationUnderTest" name="registerPatient" time="1.689"/>
  <system-out/>
  <testcase classname="com.test.ApplicationUnderTest" name="patientDetails" time="7.163"/>
  <system-out/>
  <testcase classname="com.test.ApplicationUnderTest" name="startVisit" time="38.927"/>
  <system-out/>
  <testcase classname="com.test.ApplicationUnderTest" name="captureVitals" time="18.015"/>
  <system-out/>
  <testcase classname="com.test.ApplicationUnderTest" name="mergeVisit" time="4.656"/>
  <system-out/>
  <testcase classname="com.test.ApplicationUnderTest" name="pastVisit" time="0.521"/>
  <system-out/>
  <testcase classname="com.test.ApplicationUnderTest" name="deletePatient" time="0.437"/>
  <system-out/>
</testsuite> <!-- com.test.ApplicationUnderTest -->
